#
# There is insufficient memory for the Java Runtime Environment to continue.
# Native memory allocation (mmap) failed to map 65536 bytes. Error detail: Failed to commit metaspace.
# Possible reasons:
#   The system is out of physical RAM or swap space
#   This process is running with CompressedOops enabled, and the Java Heap may be blocking the growth of the native heap
# Possible solutions:
#   Reduce memory load on the system
#   Increase physical memory or swap space
#   Check if swap backing store is full
#   Decrease Java heap size (-Xmx/-Xms)
#   Decrease number of Java threads
#   Decrease Java thread stack sizes (-Xss)
#   Set larger code cache with -XX:ReservedCodeCacheSize=
#   JVM is running with Zero Based Compressed Oops mode in which the Java heap is
#     placed in the first 32GB address space. The Java Heap base address is the
#     maximum limit for the native heap growth. Please use -XX:HeapBaseMinAddress
#     to set the Java Heap base and to place the Java Heap above 32GB virtual address.
# This output file may be truncated or incomplete.
#
#  Out of Memory Error (virtualSpaceNode.cpp:110), pid=32580, tid=8916
#
# JRE version: OpenJDK Runtime Environment Temurin-17.0.15+6 (17.0.15+6) (build 17.0.15+6)
# Java VM: OpenJDK 64-Bit Server VM Temurin-17.0.15+6 (17.0.15+6, mixed mode, emulated-client, sharing, tiered, compressed oops, compressed class ptrs, g1 gc, windows-amd64)
# No core dump will be written. Minidumps are not enabled by default on client versions of Windows
#

---------------  S U M M A R Y ------------

Command Line: -XX:TieredStopAtLevel=1 -Dspring.output.ansi.enabled=always -Dcom.sun.management.jmxremote -Dspring.jmx.enabled=true -Dspring.liveBeansView.mbeanDomain -Dspring.application.admin.enabled=true -Dmanagement.endpoints.jmx.exposure.include=* -javaagent:C:\Program Files\JetBrains\IntelliJ IDEA 2025.1.1.1\lib\idea_rt.jar=54905 -Dfile.encoding=UTF-8 com.airportangad.airportangad.AirportangadApplication

Host: Intel(R) Core(TM) i5-7200U CPU @ 2.50GHz, 4 cores, 15G,  Windows 11 , 64 bit Build 22621 (10.0.22621.5415)
Time: Thu Aug 28 11:33:35 2025 Maroc (heure d64 bit Build 22621 (10.0.22621.5415) elapsed time: 0.669958 seconds (0d 0h 0m 0s)

---------------  T H R E A D  ---------------

Current thread (0x0000022c918d3ee0):  JavaThread "main" [_thread_in_vm, id=8916, stack(0x000000d1a8600000,0x000000d1a8700000)]

Stack: [0x000000d1a8600000,0x000000d1a8700000]
Native frames: (J=compiled Java code, j=interpreted, Vv=VM code, C=native code)
V  [jvm.dll+0x682fc9]
V  [jvm.dll+0x839878]
V  [jvm.dll+0x83b323]
V  [jvm.dll+0x83b993]
V  [jvm.dll+0x24725f]
V  [jvm.dll+0x83564d]
V  [jvm.dll+0x627c2e]
V  [jvm.dll+0x627c9a]
V  [jvm.dll+0x62a4c3]
V  [jvm.dll+0x6285f6]
V  [jvm.dll+0x23c470]
V  [jvm.dll+0x1e97c7]
V  [jvm.dll+0x1df391]
V  [jvm.dll+0x54671b]
V  [jvm.dll+0x1eff2a]
V  [jvm.dll+0x7b293b]
V  [jvm.dll+0x7b3d59]
V  [jvm.dll+0x7b45db]
V  [jvm.dll+0x1ea0a1]
V  [jvm.dll+0x1df3aa]
V  [jvm.dll+0x54671b]
V  [jvm.dll+0x1eff2a]
V  [jvm.dll+0x7b293b]
V  [jvm.dll+0x7b3d59]
V  [jvm.dll+0x7b40b8]
V  [jvm.dll+0x3a435c]
V  [jvm.dll+0x39ccd2]
V  [jvm.dll+0x608a46]
C  [management_ext.dll+0x149e]

Java frames: (J=compiled Java code, j=interpreted, Vv=VM code)
j  com.sun.management.internal.DiagnosticCommandImpl.getDiagnosticCommandInfo([Ljava/lang/String;)[Lcom/sun/management/internal/DiagnosticCommandInfo;+0 jdk.management@17.0.15
j  com.sun.management.internal.DiagnosticCommandImpl.getMBeanInfo()Ljavax/management/MBeanInfo;+36 jdk.management@17.0.15
j  com.sun.jmx.interceptor.DefaultMBeanServerInterceptor.getNewMBeanClassName(Ljava/lang/Object;)Ljava/lang/String;+13 java.management@17.0.15
j  com.sun.jmx.interceptor.DefaultMBeanServerInterceptor.registerMBean(Ljava/lang/Object;Ljavax/management/ObjectName;)Ljavax/management/ObjectInstance;+10 java.management@17.0.15
j  com.sun.jmx.mbeanserver.JmxMBeanServer.registerMBean(Ljava/lang/Object;Ljavax/management/ObjectName;)Ljavax/management/ObjectInstance;+10 java.management@17.0.15
j  java.lang.management.ManagementFactory.lambda$addMXBean$7(Ljava/lang/Object;Ljavax/management/MBeanServer;Ljavax/management/ObjectName;)Ljava/lang/Void;+60 java.management@17.0.15
j  java.lang.management.ManagementFactory$$Lambda$27+0x0000022ca906d8e8.run()Ljava/lang/Object;+12 java.management@17.0.15
j  java.security.AccessController.executePrivileged(Ljava/security/PrivilegedExceptionAction;Ljava/security/AccessControlContext;Ljava/lang/Class;)Ljava/lang/Object;+29 java.base@17.0.15
j  java.security.AccessController.doPrivileged(Ljava/security/PrivilegedExceptionAction;)Ljava/lang/Object;+9 java.base@17.0.15
j  java.lang.management.ManagementFactory.addMXBean(Ljavax/management/MBeanServer;Ljava/lang/String;Ljava/lang/Object;)V+13 java.management@17.0.15
j  java.lang.management.ManagementFactory.lambda$getPlatformMBeanServer$1(Ljava/util/Map$Entry;)V+18 java.management@17.0.15
j  java.lang.management.ManagementFactory$$Lambda$26+0x0000022ca906cee0.accept(Ljava/lang/Object;)V+4 java.management@17.0.15
j  java.util.stream.ForEachOps$ForEachOp$OfRef.accept(Ljava/lang/Object;)V+5 java.base@17.0.15
j  java.util.Collections$2.tryAdvance(Ljava/util/function/Consumer;)Z+29 java.base@17.0.15
j  java.util.Collections$2.forEachRemaining(Ljava/util/function/Consumer;)V+2 java.base@17.0.15
j  java.util.stream.ReferencePipeline$Head.forEach(Ljava/util/function/Consumer;)V+12 java.base@17.0.15
j  java.util.stream.ReferencePipeline$7$1.accept(Ljava/lang/Object;)V+41 java.base@17.0.15
j  java.util.stream.ReferencePipeline$2$1.accept(Ljava/lang/Object;)V+21 java.base@17.0.15
j  java.util.HashMap$ValueSpliterator.forEachRemaining(Ljava/util/function/Consumer;)V+145 java.base@17.0.15
j  java.util.stream.AbstractPipeline.copyInto(Ljava/util/stream/Sink;Ljava/util/Spliterator;)V+32 java.base@17.0.15
j  java.util.stream.AbstractPipeline.wrapAndCopyInto(Ljava/util/stream/Sink;Ljava/util/Spliterator;)Ljava/util/stream/Sink;+13 java.base@17.0.15
j  java.util.stream.ForEachOps$ForEachOp.evaluateSequential(Ljava/util/stream/PipelineHelper;Ljava/util/Spliterator;)Ljava/lang/Void;+3 java.base@17.0.15
j  java.util.stream.ForEachOps$ForEachOp$OfRef.evaluateSequential(Ljava/util/stream/PipelineHelper;Ljava/util/Spliterator;)Ljava/lang/Object;+3 java.base@17.0.15
j  java.util.stream.AbstractPipeline.evaluate(Ljava/util/stream/TerminalOp;)Ljava/lang/Object;+88 java.base@17.0.15
j  java.util.stream.ReferencePipeline.forEach(Ljava/util/function/Consumer;)V+6 java.base@17.0.15
j  java.lang.management.ManagementFactory.getPlatformMBeanServer()Ljavax/management/MBeanServer;+68 java.management@17.0.15
j  sun.management.jmxremote.ConnectorBootstrap.startLocalConnectorServer()Ljavax/management/remote/JMXConnectorServer;+88 jdk.management.agent@17.0.15
j  jdk.internal.agent.Agent.startLocalManagementAgent()V+13 jdk.management.agent@17.0.15
j  jdk.internal.agent.Agent.startAgent(Ljava/util/Properties;)V+58 jdk.management.agent@17.0.15
j  jdk.internal.agent.Agent.startAgent()V+20 jdk.management.agent@17.0.15
v  ~StubRoutines::call_stub

---------------  P R O C E S S  ---------------

Threads class SMR info:
_java_thread_list=0x0000022ced3f70c0, length=14, elements={
0x0000022c918d3ee0, 0x0000022ca7dc2e30, 0x0000022ca7dc3cb0, 0x0000022ca7dd7470,
0x0000022ca7dd8b00, 0x0000022ca7ddc4e0, 0x0000022ca7ddcea0, 0x0000022ca7dde120,
0x0000022ced02d760, 0x0000022ca7daa580, 0x0000022ced0ece30, 0x0000022ced0f1b50,
0x0000022ced3f7810, 0x0000022ced3f8500
}

Java Threads: ( => current thread )
=>0x0000022c918d3ee0 JavaThread "main" [_thread_in_vm, id=8916, stack(0x000000d1a8600000,0x000000d1a8700000)]
  0x0000022ca7dc2e30 JavaThread "Reference Handler" daemon [_thread_blocked, id=32308, stack(0x000000d1a8d00000,0x000000d1a8e00000)]
  0x0000022ca7dc3cb0 JavaThread "Finalizer" daemon [_thread_blocked, id=27764, stack(0x000000d1a8e00000,0x000000d1a8f00000)]
  0x0000022ca7dd7470 JavaThread "Signal Dispatcher" daemon [_thread_blocked, id=19376, stack(0x000000d1a8f00000,0x000000d1a9000000)]
  0x0000022ca7dd8b00 JavaThread "Attach Listener" daemon [_thread_blocked, id=25584, stack(0x000000d1a9000000,0x000000d1a9100000)]
  0x0000022ca7ddc4e0 JavaThread "Service Thread" daemon [_thread_blocked, id=32260, stack(0x000000d1a9100000,0x000000d1a9200000)]
  0x0000022ca7ddcea0 JavaThread "Monitor Deflation Thread" daemon [_thread_blocked, id=25428, stack(0x000000d1a9200000,0x000000d1a9300000)]
  0x0000022ca7dde120 JavaThread "C1 CompilerThread0" daemon [_thread_blocked, id=32184, stack(0x000000d1a9300000,0x000000d1a9400000)]
  0x0000022ced02d760 JavaThread "Sweeper thread" daemon [_thread_blocked, id=18660, stack(0x000000d1a9400000,0x000000d1a9500000)]
  0x0000022ca7daa580 JavaThread "Common-Cleaner" daemon [_thread_blocked, id=17424, stack(0x000000d1a9500000,0x000000d1a9600000)]
  0x0000022ced0ece30 JavaThread "C1 CompilerThread1" daemon [_thread_blocked, id=27432, stack(0x000000d1a9600000,0x000000d1a9700000)]
  0x0000022ced0f1b50 JavaThread "C1 CompilerThread2" daemon [_thread_blocked, id=30780, stack(0x000000d1a9700000,0x000000d1a9800000)]
  0x0000022ced3f7810 JavaThread "Monitor Ctrl-Break" daemon [_thread_in_native, id=17252, stack(0x000000d1a9800000,0x000000d1a9900000)]
  0x0000022ced3f8500 JavaThread "Notification Thread" daemon [_thread_blocked, id=21212, stack(0x000000d1a9900000,0x000000d1a9a00000)]

Other Threads:
  0x0000022ca7dbbbe0 VMThread "VM Thread" [stack: 0x000000d1a8c00000,0x000000d1a8d00000] [id=3712]
  0x0000022c9193ec00 GCTaskThread "GC Thread#0" [stack: 0x000000d1a8700000,0x000000d1a8800000] [id=6112]
  0x0000022c9194f8e0 ConcurrentGCThread "G1 Main Marker" [stack: 0x000000d1a8800000,0x000000d1a8900000] [id=5764]
  0x0000022c91951310 ConcurrentGCThread "G1 Conc#0" [stack: 0x000000d1a8900000,0x000000d1a8a00000] [id=28744]
  0x0000022ca7c76100 ConcurrentGCThread "G1 Refine#0" [stack: 0x000000d1a8a00000,0x000000d1a8b00000] [id=28256]
  0x0000022ca7c76940 ConcurrentGCThread "G1 Service" [stack: 0x000000d1a8b00000,0x000000d1a8c00000] [id=3564]

Threads with active compile tasks:

VM state: not at safepoint (normal execution)

VM Mutex/Monitor currently owned by a thread:  ([mutex/lock_event])
[0x0000022c918ce460] Metaspace_lock - owner thread: 0x0000022c918d3ee0

Heap address: 0x0000000702600000, size: 4058 MB, Compressed Oops mode: Zero based, Oop shift amount: 3

CDS archive(s) mapped at: [0x0000022ca8000000-0x0000022ca8bb0000-0x0000022ca8bb0000), size 12255232, SharedBaseAddress: 0x0000022ca8000000, ArchiveRelocationMode: 1.
Compressed class space mapped at: 0x0000022ca9000000-0x0000022ce9000000, reserved size: 1073741824
Narrow klass base: 0x0000022ca8000000, Narrow klass shift: 0, Narrow klass range: 0x100000000

GC Precious Log:
 CPUs: 4 total, 4 available
 Memory: 16227M
 Large Page Support: Disabled
 NUMA Support: Disabled
 Compressed Oops: Enabled (Zero based)
 Heap Region Size: 2M
 Heap Min Capacity: 8M
 Heap Initial Capacity: 254M
 Heap Max Capacity: 4058M
 Pre-touch: Disabled
 Parallel Workers: 4
 Concurrent Workers: 1
 Concurrent Refinement Workers: 4
 Periodic GC: Disabled

Heap:
 garbage-first heap   total 260096K, used 8192K [0x0000000702600000, 0x0000000800000000)
  region size 2048K, 6 young (12288K), 0 survivors (0K)
 Metaspace       used 2746K, committed 2880K, reserved 1114112K
  class space    used 323K, committed 384K, reserved 1048576K

Heap Regions: E=young(eden), S=young(survivor), O=old, HS=humongous(starts), HC=humongous(continues), CS=collection set, F=free, OA=open archive, CA=closed archive, TAMS=top-at-mark-start (previous, next)
|   0|0x0000000702600000, 0x0000000702600000, 0x0000000702800000|  0%| F|  |TAMS 0x0000000702600000, 0x0000000702600000| Untracked 
|   1|0x0000000702800000, 0x0000000702800000, 0x0000000702a00000|  0%| F|  |TAMS 0x0000000702800000, 0x0000000702800000| Untracked 
|   2|0x0000000702a00000, 0x0000000702a00000, 0x0000000702c00000|  0%| F|  |TAMS 0x0000000702a00000, 0x0000000702a00000| Untracked 
|   3|0x0000000702c00000, 0x0000000702c00000, 0x0000000702e00000|  0%| F|  |TAMS 0x0000000702c00000, 0x0000000702c00000| Untracked 
|   4|0x0000000702e00000, 0x0000000702e00000, 0x0000000703000000|  0%| F|  |TAMS 0x0000000702e00000, 0x0000000702e00000| Untracked 
|   5|0x0000000703000000, 0x0000000703000000, 0x0000000703200000|  0%| F|  |TAMS 0x0000000703000000, 0x0000000703000000| Untracked 
|   6|0x0000000703200000, 0x0000000703200000, 0x0000000703400000|  0%| F|  |TAMS 0x0000000703200000, 0x0000000703200000| Untracked 
|   7|0x0000000703400000, 0x0000000703400000, 0x0000000703600000|  0%| F|  |TAMS 0x0000000703400000, 0x0000000703400000| Untracked 
|   8|0x0000000703600000, 0x0000000703600000, 0x0000000703800000|  0%| F|  |TAMS 0x0000000703600000, 0x0000000703600000| Untracked 
|   9|0x0000000703800000, 0x0000000703800000, 0x0000000703a00000|  0%| F|  |TAMS 0x0000000703800000, 0x0000000703800000| Untracked 
|  10|0x0000000703a00000, 0x0000000703a00000, 0x0000000703c00000|  0%| F|  |TAMS 0x0000000703a00000, 0x0000000703a00000| Untracked 
|  11|0x0000000703c00000, 0x0000000703c00000, 0x0000000703e00000|  0%| F|  |TAMS 0x0000000703c00000, 0x0000000703c00000| Untracked 
|  12|0x0000000703e00000, 0x0000000703e00000, 0x0000000704000000|  0%| F|  |TAMS 0x0000000703e00000, 0x0000000703e00000| Untracked 
|  13|0x0000000704000000, 0x0000000704000000, 0x0000000704200000|  0%| F|  |TAMS 0x0000000704000000, 0x0000000704000000| Untracked 
|  14|0x0000000704200000, 0x0000000704200000, 0x0000000704400000|  0%| F|  |TAMS 0x0000000704200000, 0x0000000704200000| Untracked 
|  15|0x0000000704400000, 0x0000000704400000, 0x0000000704600000|  0%| F|  |TAMS 0x0000000704400000, 0x0000000704400000| Untracked 
|  16|0x0000000704600000, 0x0000000704600000, 0x0000000704800000|  0%| F|  |TAMS 0x0000000704600000, 0x0000000704600000| Untracked 
|  17|0x0000000704800000, 0x0000000704800000, 0x0000000704a00000|  0%| F|  |TAMS 0x0000000704800000, 0x0000000704800000| Untracked 
|  18|0x0000000704a00000, 0x0000000704a00000, 0x0000000704c00000|  0%| F|  |TAMS 0x0000000704a00000, 0x0000000704a00000| Untracked 
|  19|0x0000000704c00000, 0x0000000704c00000, 0x0000000704e00000|  0%| F|  |TAMS 0x0000000704c00000, 0x0000000704c00000| Untracked 
|  20|0x0000000704e00000, 0x0000000704e00000, 0x0000000705000000|  0%| F|  |TAMS 0x0000000704e00000, 0x0000000704e00000| Untracked 
|  21|0x0000000705000000, 0x0000000705000000, 0x0000000705200000|  0%| F|  |TAMS 0x0000000705000000, 0x0000000705000000| Untracked 
|  22|0x0000000705200000, 0x0000000705200000, 0x0000000705400000|  0%| F|  |TAMS 0x0000000705200000, 0x0000000705200000| Untracked 
|  23|0x0000000705400000, 0x0000000705400000, 0x0000000705600000|  0%| F|  |TAMS 0x0000000705400000, 0x0000000705400000| Untracked 
|  24|0x0000000705600000, 0x0000000705600000, 0x0000000705800000|  0%| F|  |TAMS 0x0000000705600000, 0x0000000705600000| Untracked 
|  25|0x0000000705800000, 0x0000000705800000, 0x0000000705a00000|  0%| F|  |TAMS 0x0000000705800000, 0x0000000705800000| Untracked 
|  26|0x0000000705a00000, 0x0000000705a00000, 0x0000000705c00000|  0%| F|  |TAMS 0x0000000705a00000, 0x0000000705a00000| Untracked 
|  27|0x0000000705c00000, 0x0000000705c00000, 0x0000000705e00000|  0%| F|  |TAMS 0x0000000705c00000, 0x0000000705c00000| Untracked 
|  28|0x0000000705e00000, 0x0000000705e00000, 0x0000000706000000|  0%| F|  |TAMS 0x0000000705e00000, 0x0000000705e00000| Untracked 
|  29|0x0000000706000000, 0x0000000706000000, 0x0000000706200000|  0%| F|  |TAMS 0x0000000706000000, 0x0000000706000000| Untracked 
|  30|0x0000000706200000, 0x0000000706200000, 0x0000000706400000|  0%| F|  |TAMS 0x0000000706200000, 0x0000000706200000| Untracked 
|  31|0x0000000706400000, 0x0000000706400000, 0x0000000706600000|  0%| F|  |TAMS 0x0000000706400000, 0x0000000706400000| Untracked 
|  32|0x0000000706600000, 0x0000000706600000, 0x0000000706800000|  0%| F|  |TAMS 0x0000000706600000, 0x0000000706600000| Untracked 
|  33|0x0000000706800000, 0x0000000706800000, 0x0000000706a00000|  0%| F|  |TAMS 0x0000000706800000, 0x0000000706800000| Untracked 
|  34|0x0000000706a00000, 0x0000000706a00000, 0x0000000706c00000|  0%| F|  |TAMS 0x0000000706a00000, 0x0000000706a00000| Untracked 
|  35|0x0000000706c00000, 0x0000000706c00000, 0x0000000706e00000|  0%| F|  |TAMS 0x0000000706c00000, 0x0000000706c00000| Untracked 
|  36|0x0000000706e00000, 0x0000000706e00000, 0x0000000707000000|  0%| F|  |TAMS 0x0000000706e00000, 0x0000000706e00000| Untracked 
|  37|0x0000000707000000, 0x0000000707000000, 0x0000000707200000|  0%| F|  |TAMS 0x0000000707000000, 0x0000000707000000| Untracked 
|  38|0x0000000707200000, 0x0000000707200000, 0x0000000707400000|  0%| F|  |TAMS 0x0000000707200000, 0x0000000707200000| Untracked 
|  39|0x0000000707400000, 0x0000000707400000, 0x0000000707600000|  0%| F|  |TAMS 0x0000000707400000, 0x0000000707400000| Untracked 
|  40|0x0000000707600000, 0x0000000707600000, 0x0000000707800000|  0%| F|  |TAMS 0x0000000707600000, 0x0000000707600000| Untracked 
|  41|0x0000000707800000, 0x0000000707800000, 0x0000000707a00000|  0%| F|  |TAMS 0x0000000707800000, 0x0000000707800000| Untracked 
|  42|0x0000000707a00000, 0x0000000707a00000, 0x0000000707c00000|  0%| F|  |TAMS 0x0000000707a00000, 0x0000000707a00000| Untracked 
|  43|0x0000000707c00000, 0x0000000707c00000, 0x0000000707e00000|  0%| F|  |TAMS 0x0000000707c00000, 0x0000000707c00000| Untracked 
|  44|0x0000000707e00000, 0x0000000707e00000, 0x0000000708000000|  0%| F|  |TAMS 0x0000000707e00000, 0x0000000707e00000| Untracked 
|  45|0x0000000708000000, 0x0000000708000000, 0x0000000708200000|  0%| F|  |TAMS 0x0000000708000000, 0x0000000708000000| Untracked 
|  46|0x0000000708200000, 0x0000000708200000, 0x0000000708400000|  0%| F|  |TAMS 0x0000000708200000, 0x0000000708200000| Untracked 
|  47|0x0000000708400000, 0x0000000708400000, 0x0000000708600000|  0%| F|  |TAMS 0x0000000708400000, 0x0000000708400000| Untracked 
|  48|0x0000000708600000, 0x0000000708600000, 0x0000000708800000|  0%| F|  |TAMS 0x0000000708600000, 0x0000000708600000| Untracked 
|  49|0x0000000708800000, 0x0000000708800000, 0x0000000708a00000|  0%| F|  |TAMS 0x0000000708800000, 0x0000000708800000| Untracked 
|  50|0x0000000708a00000, 0x0000000708a00000, 0x0000000708c00000|  0%| F|  |TAMS 0x0000000708a00000, 0x0000000708a00000| Untracked 
|  51|0x0000000708c00000, 0x0000000708c00000, 0x0000000708e00000|  0%| F|  |TAMS 0x0000000708c00000, 0x0000000708c00000| Untracked 
|  52|0x0000000708e00000, 0x0000000708e00000, 0x0000000709000000|  0%| F|  |TAMS 0x0000000708e00000, 0x0000000708e00000| Untracked 
|  53|0x0000000709000000, 0x0000000709000000, 0x0000000709200000|  0%| F|  |TAMS 0x0000000709000000, 0x0000000709000000| Untracked 
|  54|0x0000000709200000, 0x0000000709200000, 0x0000000709400000|  0%| F|  |TAMS 0x0000000709200000, 0x0000000709200000| Untracked 
|  55|0x0000000709400000, 0x0000000709400000, 0x0000000709600000|  0%| F|  |TAMS 0x0000000709400000, 0x0000000709400000| Untracked 
|  56|0x0000000709600000, 0x0000000709600000, 0x0000000709800000|  0%| F|  |TAMS 0x0000000709600000, 0x0000000709600000| Untracked 
|  57|0x0000000709800000, 0x0000000709800000, 0x0000000709a00000|  0%| F|  |TAMS 0x0000000709800000, 0x0000000709800000| Untracked 
|  58|0x0000000709a00000, 0x0000000709a00000, 0x0000000709c00000|  0%| F|  |TAMS 0x0000000709a00000, 0x0000000709a00000| Untracked 
|  59|0x0000000709c00000, 0x0000000709c00000, 0x0000000709e00000|  0%| F|  |TAMS 0x0000000709c00000, 0x0000000709c00000| Untracked 
|  60|0x0000000709e00000, 0x0000000709e00000, 0x000000070a000000|  0%| F|  |TAMS 0x0000000709e00000, 0x0000000709e00000| Untracked 
|  61|0x000000070a000000, 0x000000070a000000, 0x000000070a200000|  0%| F|  |TAMS 0x000000070a000000, 0x000000070a000000| Untracked 
|  62|0x000000070a200000, 0x000000070a200000, 0x000000070a400000|  0%| F|  |TAMS 0x000000070a200000, 0x000000070a200000| Untracked 
|  63|0x000000070a400000, 0x000000070a400000, 0x000000070a600000|  0%| F|  |TAMS 0x000000070a400000, 0x000000070a400000| Untracked 
|  64|0x000000070a600000, 0x000000070a600000, 0x000000070a800000|  0%| F|  |TAMS 0x000000070a600000, 0x000000070a600000| Untracked 
|  65|0x000000070a800000, 0x000000070a800000, 0x000000070aa00000|  0%| F|  |TAMS 0x000000070a800000, 0x000000070a800000| Untracked 
|  66|0x000000070aa00000, 0x000000070aa00000, 0x000000070ac00000|  0%| F|  |TAMS 0x000000070aa00000, 0x000000070aa00000| Untracked 
|  67|0x000000070ac00000, 0x000000070ac00000, 0x000000070ae00000|  0%| F|  |TAMS 0x000000070ac00000, 0x000000070ac00000| Untracked 
|  68|0x000000070ae00000, 0x000000070ae00000, 0x000000070b000000|  0%| F|  |TAMS 0x000000070ae00000, 0x000000070ae00000| Untracked 
|  69|0x000000070b000000, 0x000000070b000000, 0x000000070b200000|  0%| F|  |TAMS 0x000000070b000000, 0x000000070b000000| Untracked 
|  70|0x000000070b200000, 0x000000070b200000, 0x000000070b400000|  0%| F|  |TAMS 0x000000070b200000, 0x000000070b200000| Untracked 
|  71|0x000000070b400000, 0x000000070b400000, 0x000000070b600000|  0%| F|  |TAMS 0x000000070b400000, 0x000000070b400000| Untracked 
|  72|0x000000070b600000, 0x000000070b600000, 0x000000070b800000|  0%| F|  |TAMS 0x000000070b600000, 0x000000070b600000| Untracked 
|  73|0x000000070b800000, 0x000000070b800000, 0x000000070ba00000|  0%| F|  |TAMS 0x000000070b800000, 0x000000070b800000| Untracked 
|  74|0x000000070ba00000, 0x000000070ba00000, 0x000000070bc00000|  0%| F|  |TAMS 0x000000070ba00000, 0x000000070ba00000| Untracked 
|  75|0x000000070bc00000, 0x000000070bc00000, 0x000000070be00000|  0%| F|  |TAMS 0x000000070bc00000, 0x000000070bc00000| Untracked 
|  76|0x000000070be00000, 0x000000070be00000, 0x000000070c000000|  0%| F|  |TAMS 0x000000070be00000, 0x000000070be00000| Untracked 
|  77|0x000000070c000000, 0x000000070c000000, 0x000000070c200000|  0%| F|  |TAMS 0x000000070c000000, 0x000000070c000000| Untracked 
|  78|0x000000070c200000, 0x000000070c200000, 0x000000070c400000|  0%| F|  |TAMS 0x000000070c200000, 0x000000070c200000| Untracked 
|  79|0x000000070c400000, 0x000000070c400000, 0x000000070c600000|  0%| F|  |TAMS 0x000000070c400000, 0x000000070c400000| Untracked 
|  80|0x000000070c600000, 0x000000070c600000, 0x000000070c800000|  0%| F|  |TAMS 0x000000070c600000, 0x000000070c600000| Untracked 
|  81|0x000000070c800000, 0x000000070c800000, 0x000000070ca00000|  0%| F|  |TAMS 0x000000070c800000, 0x000000070c800000| Untracked 
|  82|0x000000070ca00000, 0x000000070ca00000, 0x000000070cc00000|  0%| F|  |TAMS 0x000000070ca00000, 0x000000070ca00000| Untracked 
|  83|0x000000070cc00000, 0x000000070cc00000, 0x000000070ce00000|  0%| F|  |TAMS 0x000000070cc00000, 0x000000070cc00000| Untracked 
|  84|0x000000070ce00000, 0x000000070ce00000, 0x000000070d000000|  0%| F|  |TAMS 0x000000070ce00000, 0x000000070ce00000| Untracked 
|  85|0x000000070d000000, 0x000000070d000000, 0x000000070d200000|  0%| F|  |TAMS 0x000000070d000000, 0x000000070d000000| Untracked 
|  86|0x000000070d200000, 0x000000070d200000, 0x000000070d400000|  0%| F|  |TAMS 0x000000070d200000, 0x000000070d200000| Untracked 
|  87|0x000000070d400000, 0x000000070d400000, 0x000000070d600000|  0%| F|  |TAMS 0x000000070d400000, 0x000000070d400000| Untracked 
|  88|0x000000070d600000, 0x000000070d600000, 0x000000070d800000|  0%| F|  |TAMS 0x000000070d600000, 0x000000070d600000| Untracked 
|  89|0x000000070d800000, 0x000000070d800000, 0x000000070da00000|  0%| F|  |TAMS 0x000000070d800000, 0x000000070d800000| Untracked 
|  90|0x000000070da00000, 0x000000070da00000, 0x000000070dc00000|  0%| F|  |TAMS 0x000000070da00000, 0x000000070da00000| Untracked 
|  91|0x000000070dc00000, 0x000000070dc00000, 0x000000070de00000|  0%| F|  |TAMS 0x000000070dc00000, 0x000000070dc00000| Untracked 
|  92|0x000000070de00000, 0x000000070de00000, 0x000000070e000000|  0%| F|  |TAMS 0x000000070de00000, 0x000000070de00000| Untracked 
|  93|0x000000070e000000, 0x000000070e000000, 0x000000070e200000|  0%| F|  |TAMS 0x000000070e000000, 0x000000070e000000| Untracked 
|  94|0x000000070e200000, 0x000000070e200000, 0x000000070e400000|  0%| F|  |TAMS 0x000000070e200000, 0x000000070e200000| Untracked 
|  95|0x000000070e400000, 0x000000070e400000, 0x000000070e600000|  0%| F|  |TAMS 0x000000070e400000, 0x000000070e400000| Untracked 
|  96|0x000000070e600000, 0x000000070e600000, 0x000000070e800000|  0%| F|  |TAMS 0x000000070e600000, 0x000000070e600000| Untracked 
|  97|0x000000070e800000, 0x000000070e800000, 0x000000070ea00000|  0%| F|  |TAMS 0x000000070e800000, 0x000000070e800000| Untracked 
|  98|0x000000070ea00000, 0x000000070ea00000, 0x000000070ec00000|  0%| F|  |TAMS 0x000000070ea00000, 0x000000070ea00000| Untracked 
|  99|0x000000070ec00000, 0x000000070ec00000, 0x000000070ee00000|  0%| F|  |TAMS 0x000000070ec00000, 0x000000070ec00000| Untracked 
| 100|0x000000070ee00000, 0x000000070ee00000, 0x000000070f000000|  0%| F|  |TAMS 0x000000070ee00000, 0x000000070ee00000| Untracked 
| 101|0x000000070f000000, 0x000000070f000000, 0x000000070f200000|  0%| F|  |TAMS 0x000000070f000000, 0x000000070f000000| Untracked 
| 102|0x000000070f200000, 0x000000070f200000, 0x000000070f400000|  0%| F|  |TAMS 0x000000070f200000, 0x000000070f200000| Untracked 
| 103|0x000000070f400000, 0x000000070f400000, 0x000000070f600000|  0%| F|  |TAMS 0x000000070f400000, 0x000000070f400000| Untracked 
| 104|0x000000070f600000, 0x000000070f600000, 0x000000070f800000|  0%| F|  |TAMS 0x000000070f600000, 0x000000070f600000| Untracked 
| 105|0x000000070f800000, 0x000000070f800000, 0x000000070fa00000|  0%| F|  |TAMS 0x000000070f800000, 0x000000070f800000| Untracked 
| 106|0x000000070fa00000, 0x000000070fa00000, 0x000000070fc00000|  0%| F|  |TAMS 0x000000070fa00000, 0x000000070fa00000| Untracked 
| 107|0x000000070fc00000, 0x000000070fc00000, 0x000000070fe00000|  0%| F|  |TAMS 0x000000070fc00000, 0x000000070fc00000| Untracked 
| 108|0x000000070fe00000, 0x000000070fe00000, 0x0000000710000000|  0%| F|  |TAMS 0x000000070fe00000, 0x000000070fe00000| Untracked 
| 109|0x0000000710000000, 0x0000000710000000, 0x0000000710200000|  0%| F|  |TAMS 0x0000000710000000, 0x0000000710000000| Untracked 
| 110|0x0000000710200000, 0x0000000710200000, 0x0000000710400000|  0%| F|  |TAMS 0x0000000710200000, 0x0000000710200000| Untracked 
| 111|0x0000000710400000, 0x0000000710400000, 0x0000000710600000|  0%| F|  |TAMS 0x0000000710400000, 0x0000000710400000| Untracked 
| 112|0x0000000710600000, 0x0000000710600000, 0x0000000710800000|  0%| F|  |TAMS 0x0000000710600000, 0x0000000710600000| Untracked 
| 113|0x0000000710800000, 0x0000000710800000, 0x0000000710a00000|  0%| F|  |TAMS 0x0000000710800000, 0x0000000710800000| Untracked 
| 114|0x0000000710a00000, 0x0000000710a00000, 0x0000000710c00000|  0%| F|  |TAMS 0x0000000710a00000, 0x0000000710a00000| Untracked 
| 115|0x0000000710c00000, 0x0000000710c00000, 0x0000000710e00000|  0%| F|  |TAMS 0x0000000710c00000, 0x0000000710c00000| Untracked 
| 116|0x0000000710e00000, 0x0000000710e00000, 0x0000000711000000|  0%| F|  |TAMS 0x0000000710e00000, 0x0000000710e00000| Untracked 
| 117|0x0000000711000000, 0x0000000711000000, 0x0000000711200000|  0%| F|  |TAMS 0x0000000711000000, 0x0000000711000000| Untracked 
| 118|0x0000000711200000, 0x0000000711200000, 0x0000000711400000|  0%| F|  |TAMS 0x0000000711200000, 0x0000000711200000| Untracked 
| 119|0x0000000711400000, 0x0000000711400000, 0x0000000711600000|  0%| F|  |TAMS 0x0000000711400000, 0x0000000711400000| Untracked 
| 120|0x0000000711600000, 0x0000000711600000, 0x0000000711800000|  0%| F|  |TAMS 0x0000000711600000, 0x0000000711600000| Untracked 
| 121|0x0000000711800000, 0x000000071183d770, 0x0000000711a00000| 12%| E|  |TAMS 0x0000000711800000, 0x0000000711800000| Complete 
| 122|0x0000000711a00000, 0x0000000711c00000, 0x0000000711c00000|100%| E|CS|TAMS 0x0000000711a00000, 0x0000000711a00000| Complete 
| 123|0x0000000711c00000, 0x0000000711e00000, 0x0000000711e00000|100%| E|CS|TAMS 0x0000000711c00000, 0x0000000711c00000| Complete 
| 124|0x0000000711e00000, 0x0000000712000000, 0x0000000712000000|100%| E|  |TAMS 0x0000000711e00000, 0x0000000711e00000| Complete 
| 125|0x0000000712000000, 0x0000000712200000, 0x0000000712200000|100%| E|CS|TAMS 0x0000000712000000, 0x0000000712000000| Complete 
| 126|0x0000000712200000, 0x0000000712400000, 0x0000000712400000|100%| E|CS|TAMS 0x0000000712200000, 0x0000000712200000| Complete 

Card table byte_map: [0x0000022c9cc10000,0x0000022c9d400000] _byte_map_base: 0x0000022c993fd000

Marking Bits (Prev, Next): (CMBitMap*) 0x0000022c9193f220, (CMBitMap*) 0x0000022c9193f260
 Prev Bits: [0x0000022c9dbf0000, 0x0000022ca1b58000)
 Next Bits: [0x0000022ca1b60000, 0x0000022ca5ac8000)

Polling page: 0x0000022c8f720000

Metaspace:

Usage:
  Non-class:      2.37 MB used.
      Class:    323.66 KB used.
       Both:      2.68 MB used.

Virtual space:
  Non-class space:       64.00 MB reserved,       2.44 MB (  4%) committed,  1 nodes.
      Class space:        1.00 GB reserved,     384.00 KB ( <1%) committed,  1 nodes.
             Both:        1.06 GB reserved,       2.81 MB ( <1%) committed. 

Chunk freelists:
   Non-Class:  11.93 MB
       Class:  15.59 MB
        Both:  27.52 MB

MaxMetaspaceSize: unlimited
CompressedClassSpaceSize: 1.00 GB
Initial GC threshold: 21.00 MB
Current GC threshold: 21.00 MB
CDS: on
MetaspaceReclaimPolicy: balanced
 - commit_granule_bytes: 65536.
 - commit_granule_words: 8192.
 - virtual_space_node_default_size: 8388608.
 - enlarge_chunks_in_place: 1.
 - new_chunks_are_fully_committed: 0.
 - uncommit_free_chunks: 1.
 - use_allocation_guard: 0.
 - handle_deallocations: 1.


Internal statistics:

num_allocs_failed_limit: 0.
num_arena_births: 64.
num_arena_deaths: 0.
num_vsnodes_births: 2.
num_vsnodes_deaths: 0.
num_space_committed: 45.
num_space_uncommitted: 0.
num_chunks_returned_to_freelist: 0.
num_chunks_taken_from_freelist: 68.
num_chunk_merges: 0.
num_chunk_splits: 46.
num_chunks_enlarged: 30.
num_inconsistent_stats: 0.

CodeCache: size=49152Kb used=3149Kb max_used=3149Kb free=46002Kb
 bounds [0x0000022c99420000, 0x0000022c99740000, 0x0000022c9c420000]
 total_blobs=1140 nmethods=712 adapters=354
 compilation: enabled
              stopped_count=0, restarted_count=0
 full_count=0

Compilation events (20 events):
Event: 0.651 Thread 0x0000022ced0ece30  700   !   1       java.lang.reflect.Executable::declaredAnnotations (85 bytes)
Event: 0.651 Thread 0x0000022ced0ece30 nmethod 700 0x0000022c9972d690 code [0x0000022c9972d8a0, 0x0000022c9972dca8]
Event: 0.655 Thread 0x0000022ced0ece30  703 %     1       java.util.Properties$LineReader::readLine @ 224 (584 bytes)
Event: 0.655 Thread 0x0000022ca7dde120  704       1       java.util.Properties::loadConvert (540 bytes)
Event: 0.656 Thread 0x0000022ca7dde120 nmethod 704 0x0000022c9972e410 code [0x0000022c9972e660, 0x0000022c9972ee48]
Event: 0.659 Thread 0x0000022ced0ece30 nmethod 703% 0x0000022c9972f390 code [0x0000022c9972f620, 0x0000022c997309f8]
Event: 0.660 Thread 0x0000022ced0f1b50  706       1       java.util.IdentityHashMap::hash (18 bytes)
Event: 0.660 Thread 0x0000022ca7dde120  705       1       java.util.IdentityHashMap::maskNull (12 bytes)
Event: 0.661 Thread 0x0000022ca7dde120 nmethod 705 0x0000022c99731590 code [0x0000022c99731720, 0x0000022c997317d8]
Event: 0.661 Thread 0x0000022ced0f1b50 nmethod 706 0x0000022c99731890 code [0x0000022c99731a20, 0x0000022c99731b08]
Event: 0.662 Thread 0x0000022ca7dde120  707       1       java.lang.reflect.Method::getRoot (5 bytes)
Event: 0.662 Thread 0x0000022ced0f1b50  708       1       javax.management.MBeanFeatureInfo::getName (5 bytes)
Event: 0.662 Thread 0x0000022ca7dde120 nmethod 707 0x0000022c99731b90 code [0x0000022c99731d20, 0x0000022c99731df8]
Event: 0.662 Thread 0x0000022ced0f1b50 nmethod 708 0x0000022c99731e90 code [0x0000022c99732020, 0x0000022c997320f8]
Event: 0.663 Thread 0x0000022ca7dde120  709       1       java.lang.String::substring (10 bytes)
Event: 0.663 Thread 0x0000022ca7dde120 nmethod 709 0x0000022c99732190 code [0x0000022c99732320, 0x0000022c99732428]
Event: 0.664 Thread 0x0000022ced0ece30  710       1       javax.management.StandardMBean::equal (23 bytes)
Event: 0.664 Thread 0x0000022ced0ece30 nmethod 710 0x0000022c99732510 code [0x0000022c997326c0, 0x0000022c99732808]
Event: 0.665 Thread 0x0000022ced0ece30  712       1       java.util.concurrent.ConcurrentHashMap$ValueIterator::next (34 bytes)
Event: 0.665 Thread 0x0000022ced0ece30 nmethod 712 0x0000022c99732c90 code [0x0000022c99732e40, 0x0000022c99732ff8]

GC Heap History (0 events):
No events

Dll operation events (11 events):
Event: 0.022 Loaded shared library C:\Users\bennouis\.jdks\temurin-17.0.15\bin\java.dll
Event: 0.061 Loaded shared library C:\Users\bennouis\.jdks\temurin-17.0.15\bin\jsvml.dll
Event: 0.275 Loaded shared library C:\Users\bennouis\.jdks\temurin-17.0.15\bin\zip.dll
Event: 0.280 Loaded shared library C:\Users\bennouis\.jdks\temurin-17.0.15\bin\instrument.dll
Event: 0.289 Loaded shared library C:\Users\bennouis\.jdks\temurin-17.0.15\bin\net.dll
Event: 0.299 Loaded shared library C:\Users\bennouis\.jdks\temurin-17.0.15\bin\nio.dll
Event: 0.309 Loaded shared library C:\Users\bennouis\.jdks\temurin-17.0.15\bin\zip.dll
Event: 0.340 Loaded shared library C:\Users\bennouis\.jdks\temurin-17.0.15\bin\jimage.dll
Event: 0.489 Loaded shared library C:\Users\bennouis\.jdks\temurin-17.0.15\bin\extnet.dll
Event: 0.500 Loaded shared library C:\Users\bennouis\.jdks\temurin-17.0.15\bin\management.dll
Event: 0.517 Loaded shared library C:\Users\bennouis\.jdks\temurin-17.0.15\bin\management_ext.dll

Deoptimization events (0 events):
No events

Classes loaded (20 events):
Event: 0.661 Loading class javax/management/openmbean/OpenMBeanParameterInfoSupport
Event: 0.661 Loading class javax/management/openmbean/OpenMBeanParameterInfoSupport done
Event: 0.661 Loading class javax/management/openmbean/OpenMBeanOperationInfoSupport
Event: 0.661 Loading class javax/management/openmbean/OpenMBeanOperationInfo
Event: 0.661 Loading class javax/management/openmbean/OpenMBeanOperationInfo done
Event: 0.661 Loading class javax/management/openmbean/OpenMBeanOperationInfoSupport done
Event: 0.662 Loading class javax/management/MBeanInfo$ArrayGettersSafeAction
Event: 0.662 Loading class javax/management/MBeanInfo$ArrayGettersSafeAction done
Event: 0.663 Loading class sun/management/ClassLoadingImpl
Event: 0.663 Loading class java/lang/management/ClassLoadingMXBean
Event: 0.663 Loading class java/lang/management/ClassLoadingMXBean done
Event: 0.663 Loading class sun/management/ClassLoadingImpl done
Event: 0.664 Loading class com/sun/management/internal/DiagnosticCommandImpl$OperationInfoComparator
Event: 0.664 Loading class com/sun/management/internal/DiagnosticCommandImpl$OperationInfoComparator done
Event: 0.665 Loading class com/sun/management/internal/DiagnosticCommandInfo
Event: 0.665 Loading class com/sun/management/internal/DiagnosticCommandInfo done
Event: 0.665 Loading class com/sun/management/internal/DiagnosticCommandArgumentInfo
Event: 0.665 Loading class com/sun/management/internal/DiagnosticCommandArgumentInfo done
Event: 0.666 Loading class jdk/jfr/internal/dcmd/DCmdStop
Event: 0.666 Loading class jdk/jfr/internal/dcmd/AbstractDCmd

Classes unloaded (0 events):
No events

Classes redefined (0 events):
No events

Internal exceptions (6 events):
Event: 0.359 Thread 0x0000022ca7dd8b00 Exception <a 'java/lang/NoSuchMethodError'{0x000000071218e5e0}: 'java.lang.Object java.lang.invoke.DirectMethodHandle$Holder.invokeStaticInit(java.lang.Object, int)'> (0x000000071218e5e0) 
thrown [s\src\hotspot\share\interpreter\linkResolver.cpp, line 759]
Event: 0.477 Thread 0x0000022ced3f7810 Exception <a 'java/lang/NoSuchMethodError'{0x0000000711a7f0b8}: 'java.lang.Object java.lang.invoke.DirectMethodHandle$Holder.invokeStaticInit(java.lang.Object)'> (0x0000000711a7f0b8) 
thrown [s\src\hotspot\share\interpreter\linkResolver.cpp, line 759]
Event: 0.491 Thread 0x0000022ced3f7810 Exception <a 'java/lang/NoSuchMethodError'{0x0000000711a8cbf0}: 'void java.lang.invoke.DirectMethodHandle$Holder.invokeStatic(java.lang.Object, java.lang.Object)'> (0x0000000711a8cbf0) 
thrown [s\src\hotspot\share\interpreter\linkResolver.cpp, line 759]
Event: 0.523 Thread 0x0000022c918d3ee0 Exception <a 'java/lang/NoSuchMethodError'{0x0000000711ade4a0}: 'int java.lang.invoke.DirectMethodHandle$Holder.invokeInterface(java.lang.Object, java.lang.Object)'> (0x0000000711ade4a0) 
thrown [s\src\hotspot\share\interpreter\linkResolver.cpp, line 759]
Event: 0.523 Thread 0x0000022c918d3ee0 Exception <a 'java/lang/IncompatibleClassChangeError'{0x0000000711ae1aa0}: Found class java.lang.Object, but interface was expected> (0x0000000711ae1aa0) 
thrown [s\src\hotspot\share\interpreter\linkResolver.cpp, line 826]
Event: 0.617 Thread 0x0000022c918d3ee0 Exception <a 'java/lang/NoSuchMethodError'{0x0000000711bac918}: 'int java.lang.invoke.DirectMethodHandle$Holder.invokeSpecial(java.lang.Object, java.lang.Object, java.lang.Object)'> (0x0000000711bac918) 
thrown [s\src\hotspot\share\interpreter\linkResolver.cpp, line 759]

VM Operations (4 events):
Event: 0.254 Executing VM operation: HandshakeAllThreads
Event: 0.254 Executing VM operation: HandshakeAllThreads done
Event: 0.473 Executing VM operation: HandshakeAllThreads
Event: 0.473 Executing VM operation: HandshakeAllThreads done

Memory protections (0 events):
No events

Nmethod flushes (0 events):
No events

Events (14 events):
Event: 0.061 Thread 0x0000022c918d3ee0 Thread added: 0x0000022c918d3ee0
Event: 0.067 Thread 0x0000022c918d3ee0 Thread added: 0x0000022ca7dc2e30
Event: 0.067 Thread 0x0000022c918d3ee0 Thread added: 0x0000022ca7dc3cb0
Event: 0.081 Thread 0x0000022c918d3ee0 Thread added: 0x0000022ca7dd7470
Event: 0.081 Thread 0x0000022c918d3ee0 Thread added: 0x0000022ca7dd8b00
Event: 0.081 Thread 0x0000022c918d3ee0 Thread added: 0x0000022ca7ddc4e0
Event: 0.081 Thread 0x0000022c918d3ee0 Thread added: 0x0000022ca7ddcea0
Event: 0.081 Thread 0x0000022c918d3ee0 Thread added: 0x0000022ca7dde120
Event: 0.090 Thread 0x0000022c918d3ee0 Thread added: 0x0000022ced02d760
Event: 0.242 Thread 0x0000022c918d3ee0 Thread added: 0x0000022ca7daa580
Event: 0.255 Thread 0x0000022ca7dde120 Thread added: 0x0000022ced0ece30
Event: 0.257 Thread 0x0000022ced0ece30 Thread added: 0x0000022ced0f1b50
Event: 0.467 Thread 0x0000022c918d3ee0 Thread added: 0x0000022ced3f7810
Event: 0.467 Thread 0x0000022c918d3ee0 Thread added: 0x0000022ced3f8500


Dynamic libraries:
0x00007ff6e6d30000 - 0x00007ff6e6d3e000 	C:\Users\bennouis\.jdks\temurin-17.0.15\bin\java.exe
0x00007ffbee4f0000 - 0x00007ffbee707000 	C:\WINDOWS\SYSTEM32\ntdll.dll
0x00007ffbecb30000 - 0x00007ffbecbf4000 	C:\WINDOWS\System32\KERNEL32.DLL
0x00007ffbebc80000 - 0x00007ffbec052000 	C:\WINDOWS\System32\KERNELBASE.dll
0x00007ffbeb9c0000 - 0x00007ffbebad1000 	C:\WINDOWS\System32\ucrtbase.dll
0x00007ffbe7830000 - 0x00007ffbe7847000 	C:\Users\bennouis\.jdks\temurin-17.0.15\bin\jli.dll
0x00007ffbec190000 - 0x00007ffbec341000 	C:\WINDOWS\System32\USER32.dll
0x00007ffbebae0000 - 0x00007ffbebb06000 	C:\WINDOWS\System32\win32u.dll
0x00007ffbed120000 - 0x00007ffbed149000 	C:\WINDOWS\System32\GDI32.dll
0x00007ffbeb660000 - 0x00007ffbeb783000 	C:\WINDOWS\System32\gdi32full.dll
0x00007ffbec060000 - 0x00007ffbec0fa000 	C:\WINDOWS\System32\msvcp_win.dll
0x00007ffbe7750000 - 0x00007ffbe776e000 	C:\Users\bennouis\.jdks\temurin-17.0.15\bin\VCRUNTIME140.dll
0x00007ffbc6f50000 - 0x00007ffbc71eb000 	C:\WINDOWS\WinSxS\amd64_microsoft.windows.common-controls_6595b64144ccf1df_6.0.22621.5547_none_27104afb73855772\COMCTL32.dll
0x00007ffbec350000 - 0x00007ffbec3f7000 	C:\WINDOWS\System32\msvcrt.dll
0x00007ffbed0e0000 - 0x00007ffbed111000 	C:\WINDOWS\System32\IMM32.DLL
0x00007ffbe7740000 - 0x00007ffbe774c000 	C:\Users\bennouis\.jdks\temurin-17.0.15\bin\vcruntime140_1.dll
0x00007ffbd5d40000 - 0x00007ffbd5dcd000 	C:\Users\bennouis\.jdks\temurin-17.0.15\bin\msvcp140.dll
0x00007ffb9f1c0000 - 0x00007ffb9fe2b000 	C:\Users\bennouis\.jdks\temurin-17.0.15\bin\server\jvm.dll
0x00007ffbed020000 - 0x00007ffbed0d1000 	C:\WINDOWS\System32\ADVAPI32.dll
0x00007ffbec630000 - 0x00007ffbec6d8000 	C:\WINDOWS\System32\sechost.dll
0x00007ffbeb8d0000 - 0x00007ffbeb8f8000 	C:\WINDOWS\System32\bcrypt.dll
0x00007ffbed320000 - 0x00007ffbed434000 	C:\WINDOWS\System32\RPCRT4.dll
0x00007ffbec400000 - 0x00007ffbec471000 	C:\WINDOWS\System32\WS2_32.dll
0x00007ffbeb4b0000 - 0x00007ffbeb4fd000 	C:\WINDOWS\SYSTEM32\POWRPROF.dll
0x00007ffbe4eb0000 - 0x00007ffbe4ee4000 	C:\WINDOWS\SYSTEM32\WINMM.dll
0x00007ffbde770000 - 0x00007ffbde77a000 	C:\WINDOWS\SYSTEM32\VERSION.dll
0x00007ffbeb490000 - 0x00007ffbeb4a3000 	C:\WINDOWS\SYSTEM32\UMPDC.dll
0x00007ffbea5d0000 - 0x00007ffbea5e8000 	C:\WINDOWS\SYSTEM32\kernel.appcore.dll
0x00007ffbe7730000 - 0x00007ffbe773a000 	C:\Users\bennouis\.jdks\temurin-17.0.15\bin\jimage.dll
0x00007ffbe8c00000 - 0x00007ffbe8e33000 	C:\WINDOWS\SYSTEM32\DBGHELP.DLL
0x00007ffbecc70000 - 0x00007ffbed003000 	C:\WINDOWS\System32\combase.dll
0x00007ffbec550000 - 0x00007ffbec627000 	C:\WINDOWS\System32\OLEAUT32.dll
0x00007ffbdec70000 - 0x00007ffbdeca2000 	C:\WINDOWS\SYSTEM32\dbgcore.DLL
0x00007ffbeb5e0000 - 0x00007ffbeb65b000 	C:\WINDOWS\System32\bcryptPrimitives.dll
0x00007ffbe7420000 - 0x00007ffbe742e000 	C:\Users\bennouis\.jdks\temurin-17.0.15\bin\instrument.dll
0x00007ffbe7430000 - 0x00007ffbe7455000 	C:\Users\bennouis\.jdks\temurin-17.0.15\bin\java.dll
0x00007ffbc1c10000 - 0x00007ffbc1ce7000 	C:\Users\bennouis\.jdks\temurin-17.0.15\bin\jsvml.dll
0x00007ffbed440000 - 0x00007ffbedce2000 	C:\WINDOWS\System32\SHELL32.dll
0x00007ffbeb790000 - 0x00007ffbeb8cf000 	C:\WINDOWS\System32\wintypes.dll
0x00007ffbe94c0000 - 0x00007ffbe9ddd000 	C:\WINDOWS\SYSTEM32\windows.storage.dll
0x00007ffbec7c0000 - 0x00007ffbec8cc000 	C:\WINDOWS\System32\SHCORE.dll
0x00007ffbed2b0000 - 0x00007ffbed319000 	C:\WINDOWS\System32\shlwapi.dll
0x00007ffbeb510000 - 0x00007ffbeb53b000 	C:\WINDOWS\SYSTEM32\profapi.dll
0x00007ffbe73e0000 - 0x00007ffbe73f8000 	C:\Users\bennouis\.jdks\temurin-17.0.15\bin\zip.dll
0x00007ffbe7250000 - 0x00007ffbe7269000 	C:\Users\bennouis\.jdks\temurin-17.0.15\bin\net.dll
0x00007ffbe4b20000 - 0x00007ffbe4c4c000 	C:\WINDOWS\SYSTEM32\WINHTTP.dll
0x00007ffbeaa40000 - 0x00007ffbeaaa9000 	C:\WINDOWS\system32\mswsock.dll
0x00007ffbe70d0000 - 0x00007ffbe70e6000 	C:\Users\bennouis\.jdks\temurin-17.0.15\bin\nio.dll
0x00007ffbea0b0000 - 0x00007ffbea1a8000 	C:\WINDOWS\SYSTEM32\DNSAPI.dll
0x00007ffbea040000 - 0x00007ffbea06d000 	C:\WINDOWS\SYSTEM32\IPHLPAPI.DLL
0x00007ffbed010000 - 0x00007ffbed019000 	C:\WINDOWS\System32\NSI.dll
0x00007ffbd99f0000 - 0x00007ffbd99fa000 	C:\Windows\System32\rasadhlp.dll
0x00007ffbe4690000 - 0x00007ffbe4714000 	C:\WINDOWS\System32\fwpuclnt.dll
0x00007ffbe76f0000 - 0x00007ffbe76f9000 	C:\Users\bennouis\.jdks\temurin-17.0.15\bin\extnet.dll
0x00007ffbe7410000 - 0x00007ffbe741a000 	C:\Users\bennouis\.jdks\temurin-17.0.15\bin\management.dll
0x00007ffbe4940000 - 0x00007ffbe494b000 	C:\Users\bennouis\.jdks\temurin-17.0.15\bin\management_ext.dll
0x00007ffbedfa0000 - 0x00007ffbedfa8000 	C:\WINDOWS\System32\PSAPI.DLL

dbghelp: loaded successfully - version: 4.0.5 - missing functions: none
symbol engine: initialized successfully - sym options: 0x614 - pdb path: .;C:\Users\bennouis\.jdks\temurin-17.0.15\bin;C:\WINDOWS\SYSTEM32;C:\WINDOWS\WinSxS\amd64_microsoft.windows.common-controls_6595b64144ccf1df_6.0.22621.5547_none_27104afb73855772;C:\Users\bennouis\.jdks\temurin-17.0.15\bin\server

VM Arguments:
jvm_args: -XX:TieredStopAtLevel=1 -Dspring.output.ansi.enabled=always -Dcom.sun.management.jmxremote -Dspring.jmx.enabled=true -Dspring.liveBeansView.mbeanDomain -Dspring.application.admin.enabled=true -Dmanagement.endpoints.jmx.exposure.include=* -javaagent:C:\Program Files\JetBrains\IntelliJ IDEA 2025.1.1.1\lib\idea_rt.jar=54905 -Dfile.encoding=UTF-8 
java_command: com.airportangad.airportangad.AirportangadApplication
java_class_path (initial): C:\Users\bennouis\Downloads\aerop\AIRPORTANGAD\target\classes;C:\Users\bennouis\.m2\repository\org\springframework\boot\spring-boot-starter-web\3.3.2\spring-boot-starter-web-3.3.2.jar;C:\Users\bennouis\.m2\repository\org\springframework\boot\spring-boot-starter\3.3.2\spring-boot-starter-3.3.2.jar;C:\Users\bennouis\.m2\repository\org\springframework\boot\spring-boot\3.3.2\spring-boot-3.3.2.jar;C:\Users\bennouis\.m2\repository\org\springframework\boot\spring-boot-autoconfigure\3.3.2\spring-boot-autoconfigure-3.3.2.jar;C:\Users\bennouis\.m2\repository\org\springframework\boot\spring-boot-starter-logging\3.3.2\spring-boot-starter-logging-3.3.2.jar;C:\Users\bennouis\.m2\repository\ch\qos\logback\logback-classic\1.5.6\logback-classic-1.5.6.jar;C:\Users\bennouis\.m2\repository\ch\qos\logback\logback-core\1.5.6\logback-core-1.5.6.jar;C:\Users\bennouis\.m2\repository\org\apache\logging\log4j\log4j-to-slf4j\2.23.1\log4j-to-slf4j-2.23.1.jar;C:\Users\bennouis\.m2\repository\org\apache\logging\log4j\log4j-api\2.23.1\log4j-api-2.23.1.jar;C:\Users\bennouis\.m2\repository\org\slf4j\jul-to-slf4j\2.0.13\jul-to-slf4j-2.0.13.jar;C:\Users\bennouis\.m2\repository\jakarta\annotation\jakarta.annotation-api\2.1.1\jakarta.annotation-api-2.1.1.jar;C:\Users\bennouis\.m2\repository\org\yaml\snakeyaml\2.2\snakeyaml-2.2.jar;C:\Users\bennouis\.m2\repository\org\springframework\boot\spring-boot-starter-json\3.3.2\spring-boot-starter-json-3.3.2.jar;C:\Users\bennouis\.m2\repository\com\fasterxml\jackson\core\jackson-databind\2.17.2\jackson-databind-2.17.2.jar;C:\Users\bennouis\.m2\repository\com\fasterxml\jackson\core\jackson-annotations\2.17.2\jackson-annotations-2.17.2.jar;C:\Users\bennouis\.m2\repository\com\fasterxml\jackson\core\jackson-core\2.17.2\jackson-core-2.17.2.jar;C:\Users\bennouis\.m2\repository\com\fasterxml\jackson\datatype\jackson-datatype-jdk8\2.17.2\jackson-datatype-jdk8-2.17.2.jar;C:\Users\bennouis\.m2\repository\com\fasterxml\jackson\datatype\jackson-
Launcher Type: SUN_STANDARD

[Global flags]
     intx CICompilerCount                          = 3                                         {product} {ergonomic}
     uint ConcGCThreads                            = 1                                         {product} {ergonomic}
     uint G1ConcRefinementThreads                  = 4                                         {product} {ergonomic}
   size_t G1HeapRegionSize                         = 2097152                                   {product} {ergonomic}
    uintx GCDrainStackTargetSize                   = 64                                        {product} {ergonomic}
   size_t InitialHeapSize                          = 266338304                                 {product} {ergonomic}
     bool ManagementServer                         = true                                      {product} {command line}
   size_t MarkStackSize                            = 4194304                                   {product} {ergonomic}
   size_t MaxHeapSize                              = 4255121408                                {product} {ergonomic}
   size_t MaxNewSize                               = 2552233984                                {product} {ergonomic}
   size_t MinHeapDeltaBytes                        = 2097152                                   {product} {ergonomic}
   size_t MinHeapSize                              = 8388608                                   {product} {ergonomic}
    uintx NonProfiledCodeHeapSize                  = 0                                      {pd product} {ergonomic}
     bool ProfileInterpreter                       = false                                  {pd product} {command line}
    uintx ProfiledCodeHeapSize                     = 0                                      {pd product} {ergonomic}
   size_t SoftMaxHeapSize                          = 4255121408                             {manageable} {ergonomic}
     intx TieredStopAtLevel                        = 1                                         {product} {command line}
     bool UseCompressedClassPointers               = true                           {product lp64_product} {ergonomic}
     bool UseCompressedOops                        = true                           {product lp64_product} {ergonomic}
     bool UseG1GC                                  = true                                      {product} {ergonomic}
     bool UseLargePagesIndividualAllocation        = false                                  {pd product} {ergonomic}

Logging:
Log output configuration:
 #0: stdout all=warning uptime,level,tags
 #1: stderr all=off uptime,level,tags

Environment Variables:
PATH=C:\Python313\Scripts\;C:\Python313\;C:\OracleABS\db_home\bin;C:\WINDOWS\system32;C:\WINDOWS;C:\WINDOWS\System32\Wbem;C:\WINDOWS\System32\WindowsPowerShell\v1.0\;C:\WINDOWS\System32\OpenSSH\;C:\Program Files (x86)\Bitvise SSH Client;C:\Program Files\Git\cmd;C:\Program Files\Microsoft VS Code\bin;C:\ProgramData\chocolatey\bin;C:\Program Files\nodejs\;C:\Users\bennouis\AppData\Local\Microsoft\WindowsApps;C:\Users\bennouis\AppData\Local\Programs\Windsurf\bin;C:\Users\bennouis\AppData\Local\JetBrains\Toolbox\scripts;C:\Users\bennouis\AppData\Roaming\npm
USERNAME=bennouis
OS=Windows_NT
PROCESSOR_IDENTIFIER=Intel64 Family 6 Model 142 Stepping 9, GenuineIntel
TMP=C:\Users\bennouis\AppData\Local\Temp
TEMP=C:\Users\bennouis\AppData\Local\Temp



Periodic native trim disabled


---------------  S Y S T E M  ---------------

OS:
 Windows 11 , 64 bit Build 22621 (10.0.22621.5415)
OS uptime: 14 days 13:21 hours
Hyper-V role detected

CPU: total 4 (initial active 4) (2 cores per cpu, 2 threads per core) family 6 model 142 stepping 9 microcode 0xf6, cx8, cmov, fxsr, ht, mmx, 3dnowpref, sse, sse2, sse3, ssse3, sse4.1, sse4.2, popcnt, lzcnt, tsc, tscinvbit, avx, avx2, aes, erms, clmul, bmi1, bmi2, adx, fma, vzeroupper, clflush, clflushopt, hv
Processor Information for all 4 processors :
  Max Mhz: 2712, Current Mhz: 2511, Mhz Limit: 2495

Memory: 4k page, system-wide physical 16227M (1739M free)
TotalPageFile size 33747M (AvailPageFile size 2M)
current process WorkingSet (physical memory assigned to process): 50M, peak: 50M
current process commit charge ("private bytes"): 335M, peak: 335M

vm_info: OpenJDK 64-Bit Server VM (17.0.15+6) for windows-amd64 JRE (17.0.15+6), built on Apr 15 2025 21:25:47 by "admin" with MS VC++ 17.7 (VS2022)

END.
